
> mission-control@0.1.0 start
> next start

▲ Next.js 16.1.6
- Local:         http://localhost:3005
- Network:       http://192.168.45.132:3005

✓ Starting...
✓ Ready in 640ms

> mission-control@0.1.0 start
> next start

▲ Next.js 16.1.6
- Local:         http://localhost:3005
- Network:       http://192.168.45.132:3005

✓ Starting...
✓ Ready in 552ms

> mission-control@0.1.0 start
> next start

▲ Next.js 16.1.6
- Local:         http://localhost:3005
- Network:       http://192.168.45.132:3005

✓ Starting...
✓ Ready in 445ms

> mission-control@0.1.0 start
> next start

▲ Next.js 16.1.6
- Local:         http://localhost:3005
- Network:       http://192.168.45.132:3005

✓ Starting...
✓ Ready in 436ms

> mission-control@0.1.0 start
> next start

▲ Next.js 16.1.6
- Local:         http://localhost:3005
- Network:       http://192.168.45.132:3005

✓ Starting...
✓ Ready in 754ms

> mission-control@0.1.0 start
> next start

▲ Next.js 16.1.6
- Local:         http://localhost:3005
- Network:       http://192.168.45.132:3005

✓ Starting...
✓ Ready in 580ms

> mission-control@0.1.0 start
> next start

▲ Next.js 16.1.6
- Local:         http://localhost:3005
- Network:       http://192.168.45.132:3005

✓ Starting...
✓ Ready in 454ms

> mission-control@0.1.0 start
> next start

▲ Next.js 16.1.6
- Local:         http://localhost:3005
- Network:       http://192.168.45.132:3005

✓ Starting...
✓ Ready in 478ms

> mission-control@0.1.0 start
> next start

▲ Next.js 16.1.6
- Local:         http://localhost:3005
- Network:       http://192.168.45.132:3005

✓ Starting...
✓ Ready in 486ms

> mission-control@0.1.0 start
> next start

▲ Next.js 16.1.6
- Local:         http://localhost:3005
- Network:       http://192.168.45.132:3005

✓ Starting...
✓ Ready in 660ms

> mission-control@0.1.0 start
> next start

▲ Next.js 16.1.6
- Local:         http://localhost:3005
- Network:       http://192.168.45.132:3005

✓ Starting...
✓ Ready in 410ms

> mission-control@0.1.0 start
> next start

▲ Next.js 16.1.6
- Local:         http://localhost:3005
- Network:       http://192.168.45.132:3005

✓ Starting...
✓ Ready in 1268ms

> mission-control@0.1.0 start
> next start

▲ Next.js 16.1.6
- Local:         http://localhost:3005
- Network:       http://192.168.45.132:3005

✓ Starting...
✓ Ready in 7.5s

> mission-control@0.1.0 start
> next start

▲ Next.js 16.1.6
- Local:         http://localhost:3005
- Network:       http://192.168.45.132:3005

✓ Starting...
✓ Ready in 289ms

> mission-control@0.1.0 start
> next start

▲ Next.js 16.1.6
- Local:         http://localhost:3005
- Network:       http://192.168.45.132:3005

✓ Starting...
✓ Ready in 2.7s

> mission-control@0.1.0 start
> next start

▲ Next.js 16.1.6
- Local:         http://localhost:3005
- Network:       http://192.168.45.132:3005

✓ Starting...
✓ Ready in 406ms

> mission-control@0.1.0 start
> next start

▲ Next.js 16.1.6
- Local:         http://localhost:3005
- Network:       http://192.168.45.132:3005

✓ Starting...
✓ Ready in 4.9s

> mission-control@0.1.0 start
> next start

▲ Next.js 16.1.6
- Local:         http://localhost:3005
- Network:       http://192.168.45.132:3005

✓ Starting...
✓ Ready in 251ms

> mission-control@0.1.0 start
> next start

▲ Next.js 16.1.6
- Local:         http://localhost:3005
- Network:       http://192.168.45.132:3005

✓ Starting...
✓ Ready in 197ms

> mission-control@0.1.0 start
> next start

▲ Next.js 16.1.6
- Local:         http://localhost:3005
- Network:       http://192.168.45.132:3005

✓ Starting...
✓ Ready in 285ms

> mission-control@0.1.0 start
> next start

▲ Next.js 16.1.6
- Local:         http://localhost:3005
- Network:       http://192.168.45.132:3005

✓ Starting...
✓ Ready in 644ms
